<?xml version="1.0" encoding="UTF-8"?>
<!-- Generated by org.testng.reporters.JUnitXMLReporter -->
<testsuite ignored="0" hostname="LAPTOP-HNISKABK" failures="2" tests="5" name="ContactPage Test" time="11.409" errors="0" timestamp="2021-07-05T08:59:23 IST">
  <testcase classname="com.qa.cogmento.tests.ContactPageTest" name="verfiyExistButtonsCountTest" time="0.011"/>
  <testcase classname="com.qa.cogmento.tests.ContactPageTest" name="verifyButtonTextTest" time="0.042"/>
  <testcase classname="com.qa.cogmento.tests.ContactPageTest" name="verifyContactPageHeaderTest" time="0.022"/>
  <testcase classname="com.qa.cogmento.tests.ContactPageTest" name="VerifySizeoftheColumnnameTest" time="0.014">
    <failure type="java.lang.AssertionError" message="expected [true] but found [false]">
      <![CDATA[java.lang.AssertionError: expected [true] but found [false]
at com.qa.cogmento.tests.ContactPageTest.VerifySizeoftheColumnnameTest(ContactPageTest.java:41)
at java.base/java.util.ArrayList.forEach(ArrayList.java:1511)
at java.base/java.util.concurrent.FutureTask.run(FutureTask.java:264)
at java.base/java.util.concurrent.ThreadPoolExecutor.runWorker(ThreadPoolExecutor.java:1130)
at java.base/java.util.concurrent.ThreadPoolExecutor$Worker.run(ThreadPoolExecutor.java:630)
at java.base/java.lang.Thread.run(Thread.java:832)
... Removed 22 stack frames]]>
    </failure>
  </testcase> <!-- VerifySizeoftheColumnnameTest -->
  <testcase classname="com.qa.cogmento.tests.ContactPageTest" name="verifyColumnNamesTest" time="0.08">
    <failure type="java.lang.AssertionError" message="lists don&amp;apos;t have the same size expected [7] but found [4]">
      <![CDATA[java.lang.AssertionError: lists don't have the same size expected [7] but found [4]
at com.qa.cogmento.tests.ContactPageTest.verifyColumnNamesTest(ContactPageTest.java:49)
at java.base/java.util.ArrayList.forEach(ArrayList.java:1511)
at java.base/java.util.concurrent.FutureTask.run(FutureTask.java:264)
at java.base/java.util.concurrent.ThreadPoolExecutor.runWorker(ThreadPoolExecutor.java:1130)
at java.base/java.util.concurrent.ThreadPoolExecutor$Worker.run(ThreadPoolExecutor.java:630)
at java.base/java.lang.Thread.run(Thread.java:832)
... Removed 25 stack frames]]>
    </failure>
  </testcase> <!-- verifyColumnNamesTest -->
</testsuite> <!-- ContactPage Test -->
