<?xml version="1.0" encoding="UTF-8"?>
<!-- Generated by org.testng.reporters.JUnitXMLReporter -->
<testsuite ignored="0" hostname="LAPTOP-HNISKABK" failures="0" tests="5" name="HomePage Test" time="11.165" errors="0" timestamp="2021-07-05T08:59:11 IST">
  <testcase classname="com.qa.cogmento.tests.HomePageTest" name="VerifyHomePageLogoIsExistTest" time="2.066"/>
  <testcase classname="com.qa.cogmento.tests.HomePageTest" name="VerifyHomePageSectionsTest" time="0.085"/>
  <testcase classname="com.qa.cogmento.tests.HomePageTest" name="VerifyHomePageTitleTest" time="0.006"/>
  <testcase classname="com.qa.cogmento.tests.HomePageTest" name="VerifyIsLoginUserNameExistTest" time="0.045"/>
  <testcase classname="com.qa.cogmento.tests.HomePageTest" name="VerifySectionHeaderSizeTest" time="0.012"/>
</testsuite> <!-- HomePage Test -->
