<?xml version="1.0" encoding="UTF-8"?>
<!-- Generated by org.testng.reporters.JUnitXMLReporter -->
<testsuite ignored="0" hostname="LAPTOP-HNISKABK" failures="0" tests="5" name="LoginPage Test" time="11.838" errors="0" timestamp="2021-07-05T08:59:12 IST">
  <testcase classname="com.qa.cogmento.tests.LoginPageTest" name="verifyIsForgotPasswordLinkExistTest" time="0.051"/>
  <testcase classname="com.qa.cogmento.tests.LoginPageTest" name="verifyIsSignUpLinkExistTest" time="0.033"/>
  <testcase classname="com.qa.cogmento.tests.LoginPageTest" name="verifyLoginPageTitleTest" time="0.007"/>
  <testcase classname="com.qa.cogmento.tests.LoginPageTest" name="verifyToLoginWithInvalidCredentialTest" time="2.046"/>
  <testcase classname="com.qa.cogmento.tests.LoginPageTest" name="VerifyToLoginTest" time="0.187"/>
</testsuite> <!-- LoginPage Test -->
