<?xml version="1.0" encoding="UTF-8"?>
<!-- Generated by org.testng.reporters.JUnitXMLReporter -->
<testsuite ignored="0" hostname="LAPTOP-HNISKABK" failures="0" tests="3" name="Default test" time="29.691" errors="0" timestamp="2021-07-09T08:52:30 IST">
  <testcase classname="com.qa.cogmento.tests.CompanyPageTest" name="verifyCompanyPageHeaderTest" time="0.056"/>
  <testcase classname="com.qa.cogmento.tests.CompanyPageTest" name="verifyTheButtonSizeTest" time="0.027"/>
  <testcase classname="com.qa.cogmento.tests.CompanyPageTest" name="verifyTheNameOfbuttonsTest" time="0.107"/>
</testsuite> <!-- Default test -->
