<?xml version="1.0" encoding="UTF-8"?>
<testng-results ignored="0" total="3" passed="3" failed="0" skipped="0">
  <reporter-output>
  </reporter-output>
  <suite started-at="2021-07-09T08:52:00 IST" name="Default suite" finished-at="2021-07-09T08:52:30 IST" duration-ms="29691">
    <groups>
    </groups>
    <test started-at="2021-07-09T08:52:00 IST" name="Default test" finished-at="2021-07-09T08:52:30 IST" duration-ms="29691">
      <class name="com.qa.cogmento.tests.CompanyPageTest">
        <test-method is-config="true" signature="SetUp()[pri:0, instance:com.qa.cogmento.tests.CompanyPageTest@611889f4]" started-at="2021-07-09T08:52:00 IST" name="SetUp" finished-at="2021-07-09T08:52:17 IST" duration-ms="17041" status="PASS">
          <reporter-output>
          </reporter-output>
        </test-method> <!-- SetUp -->
        <test-method is-config="true" signature="companyPageSetUp()[pri:0, instance:com.qa.cogmento.tests.CompanyPageTest@611889f4]" started-at="2021-07-09T08:52:17 IST" name="companyPageSetUp" finished-at="2021-07-09T08:52:29 IST" duration-ms="12408" status="PASS">
          <reporter-output>
          </reporter-output>
        </test-method> <!-- companyPageSetUp -->
        <test-method signature="verifyCompanyPageHeaderTest()[pri:0, instance:com.qa.cogmento.tests.CompanyPageTest@611889f4]" started-at="2021-07-09T08:52:30 IST" name="verifyCompanyPageHeaderTest" finished-at="2021-07-09T08:52:30 IST" duration-ms="56" status="PASS">
          <reporter-output>
          </reporter-output>
        </test-method> <!-- verifyCompanyPageHeaderTest -->
        <test-method signature="verifyTheButtonSizeTest()[pri:0, instance:com.qa.cogmento.tests.CompanyPageTest@611889f4]" started-at="2021-07-09T08:52:30 IST" name="verifyTheButtonSizeTest" finished-at="2021-07-09T08:52:30 IST" duration-ms="27" status="PASS">
          <reporter-output>
          </reporter-output>
        </test-method> <!-- verifyTheButtonSizeTest -->
        <test-method signature="verifyTheNameOfbuttonsTest()[pri:0, instance:com.qa.cogmento.tests.CompanyPageTest@611889f4]" started-at="2021-07-09T08:52:30 IST" name="verifyTheNameOfbuttonsTest" finished-at="2021-07-09T08:52:30 IST" duration-ms="107" status="PASS">
          <reporter-output>
          </reporter-output>
        </test-method> <!-- verifyTheNameOfbuttonsTest -->
        <test-method is-config="true" signature="tearDown()[pri:0, instance:com.qa.cogmento.tests.CompanyPageTest@611889f4]" started-at="2021-07-09T08:52:30 IST" name="tearDown" finished-at="2021-07-09T08:52:30 IST" duration-ms="0" status="PASS">
          <reporter-output>
          </reporter-output>
        </test-method> <!-- tearDown -->
      </class> <!-- com.qa.cogmento.tests.CompanyPageTest -->
    </test> <!-- Default test -->
  </suite> <!-- Default suite -->
</testng-results>
